<?xml version="1.0" encoding="UTF-8"?>
<!-- Generated by org.testng.reporters.JUnitReportReporter -->
<testsuite hostname="Srinivas" name="docker.ChromeTest" tests="1" failures="0" timestamp="25 Oct 2021 04:14:20 GMT" time="6.795" errors="0">
  <testcase name="test1" time="6.795" classname="docker.ChromeTest"/>
</testsuite> <!-- docker.ChromeTest -->
