<?xml version="1.0" encoding="UTF-8"?>
<!-- Generated by org.testng.reporters.JUnitReportReporter -->
<testsuite hostname="Srinivas" name="docker.FirefoxTest" tests="1" failures="0" timestamp="25 Oct 2021 04:14:20 GMT" time="9.232" errors="0">
  <testcase name="test2" time="9.232" classname="docker.FirefoxTest"/>
</testsuite> <!-- docker.FirefoxTest -->
