<?xml version="1.0" encoding="UTF-8"?>
<!-- Generated by org.testng.reporters.JUnitReportReporter -->
<testsuite hostname="Srinivas" name="docker.Setup_DockerGrid" tests="2" failures="0" timestamp="25 Oct 2021 04:06:19 GMT" time="20.131" errors="0">
  <testcase name="stoptDockerGrid" time="5.047" classname="docker.Setup_DockerGrid"/>
  <testcase name="startDockerGrid" time="15.084" classname="docker.Setup_DockerGrid"/>
</testsuite> <!-- docker.Setup_DockerGrid -->
