<?xml version="1.0" encoding="UTF-8"?>
<!-- Generated by org.testng.reporters.JUnitReportReporter -->
<testsuite hostname="Srinivas" name="docker.EdgeTest" tests="1" failures="0" timestamp="24 Oct 2021 18:10:31 GMT" time="1.272" errors="1">
  <testcase name="test3" time="1.272" classname="docker.EdgeTest">
    <error type="org.openqa.selenium.WebDriverException" message="Unable to parse remote response: &lt;!doctype html&gt;&lt;html lang=&quot;en&quot;&gt;&lt;head&gt;&lt;meta charset=&quot;utf-8&quot;/&gt;&lt;link href=&quot;/ui/favicon.svg&quot; rel=&quot;icon&quot; type=&quot;image/svg&quot;&gt;&lt;meta content=&quot;width=device-width,initial-scale=1&quot; name=&quot;viewport&quot;/&gt;&lt;link href=&quot;/ui/logo192.png&quot; rel=&quot;apple-touch-icon&quot;/&gt;&lt;link href=&quot;/ui/manifest.json&quot; rel=&quot;manifest&quot;/&gt;&lt;title&gt;Selenium Grid&lt;/title&gt;&lt;link href=&quot;/ui/static/css/main.b5f7dd99.chunk.css&quot; rel=&quot;stylesheet&quot;&gt;&lt;/head&gt;&lt;body&gt;&lt;noscript&gt;You need to enable JavaScript to run this app.&lt;/noscript&gt;&lt;div id=&quot;root&quot;&gt;&lt;/div&gt;&lt;script&gt;!function(e){function r(r){for(var n,i,l=r[0],f=r[1],a=r[2],c=0,s=[];c&lt;l.length;c++)i=l[c],Object.prototype.hasOwnProperty.call(o,i)&amp;&amp;o[i]&amp;&amp;s.push(o[i][0]),o[i]=0;for(n in f)Object.prototype.hasOwnProperty.call(f,n)&amp;&amp;(e[n]=f[n]);for(p&amp;&amp;p(r);s.length;)s.shift()();return u.push.apply(u,a||[]),t()}function t(){for(var e,r=0;r&lt;u.length;r++){for(var t=u[r],n=!0,l=1;l&lt;t.length;l++){var f=t[l];0!==o[f]&amp;&amp;(n=!1)}n&amp;&amp;(u.splice(r--,1),e=i(i.s=t[0]))}return e}var n={},o={1:0},u=[];function i(r){if(n[r])return n[r].exports;var t=n[r]={i:r,l:!1,exports:{}};return e[r].call(t.exports,t,t.exports,i),t.l=!0,t.exports}i.m=e,i.c=n,i.d=function(e,r,t){i.o(e,r)||Object.defineProperty(e,r,{enumerable:!0,get:t})},i.r=function(e){&quot;undefined&quot;!=typeof Symbol&amp;&amp;Symbol.toStringTag&amp;&amp;Object.defineProperty(e,Symbol.toStringTag,{value:&quot;Module&quot;}),Object.defineProperty(e,&quot;__esModule&quot;,{value:!0})},i.t=function(e,r){if(1&amp;r&amp;&amp;(e=i(e)),8&amp;r)return e;if(4&amp;r&amp;&amp;&quot;object&quot;==typeof e&amp;&amp;e&amp;&amp;e.__esModule)return e;var t=Object.create(null);if(i.r(t),Object.defineProperty(t,&quot;default&quot;,{enumerable:!0,value:e}),2&amp;r&amp;&amp;&quot;string&quot;!=typeof e)for(var n in e)i.d(t,n,function(r){return e[r]}.bind(null,n));return t},i.n=function(e){var r=e&amp;&amp;e.__esModule?function(){return e.default}:function(){return e};return i.d(r,&quot;a&quot;,r),r},i.o=function(e,r){return Object.prototype.hasOwnProperty.call(e,r)},i.p=&quot;/ui/&quot;;var l=this.webpackJsonpgrid_ui=this.webpackJsonpgrid_ui||[],f=l.push.bind(l);l.push=r,l=l.slice();for(var a=0;a&lt;l.length;a++)r(l[a]);var p=f;t()}([])&lt;/script&gt;&lt;script src=&quot;/ui/static/js/2.f1ad6d8b.chunk.js&quot;&gt;&lt;/script&gt;&lt;script src=&quot;/ui/static/js/main.485aaafa.chunk.js&quot;&gt;&lt;/script&gt;&lt;/body&gt;&lt;/html&gt;">
      <![CDATA[org.openqa.selenium.WebDriverException: Unable to parse remote response: <!doctype html><html lang="en"><head><meta charset="utf-8"/><link href="/ui/favicon.svg" rel="icon" type="image/svg"><meta content="width=device-width,initial-scale=1" name="viewport"/><link href="/ui/logo192.png" rel="apple-touch-icon"/><link href="/ui/manifest.json" rel="manifest"/><title>Selenium Grid</title><link href="/ui/static/css/main.b5f7dd99.chunk.css" rel="stylesheet"></head><body><noscript>You need to enable JavaScript to run this app.</noscript><div id="root"></div><script>!function(e){function r(r){for(var n,i,l=r[0],f=r[1],a=r[2],c=0,s=[];c<l.length;c++)i=l[c],Object.prototype.hasOwnProperty.call(o,i)&&o[i]&&s.push(o[i][0]),o[i]=0;for(n in f)Object.prototype.hasOwnProperty.call(f,n)&&(e[n]=f[n]);for(p&&p(r);s.length;)s.shift()();return u.push.apply(u,a||[]),t()}function t(){for(var e,r=0;r<u.length;r++){for(var t=u[r],n=!0,l=1;l<t.length;l++){var f=t[l];0!==o[f]&&(n=!1)}n&&(u.splice(r--,1),e=i(i.s=t[0]))}return e}var n={},o={1:0},u=[];function i(r){if(n[r])return n[r].exports;var t=n[r]={i:r,l:!1,exports:{}};return e[r].call(t.exports,t,t.exports,i),t.l=!0,t.exports}i.m=e,i.c=n,i.d=function(e,r,t){i.o(e,r)||Object.defineProperty(e,r,{enumerable:!0,get:t})},i.r=function(e){"undefined"!=typeof Symbol&&Symbol.toStringTag&&Object.defineProperty(e,Symbol.toStringTag,{value:"Module"}),Object.defineProperty(e,"__esModule",{value:!0})},i.t=function(e,r){if(1&r&&(e=i(e)),8&r)return e;if(4&r&&"object"==typeof e&&e&&e.__esModule)return e;var t=Object.create(null);if(i.r(t),Object.defineProperty(t,"default",{enumerable:!0,value:e}),2&r&&"string"!=typeof e)for(var n in e)i.d(t,n,function(r){return e[r]}.bind(null,n));return t},i.n=function(e){var r=e&&e.__esModule?function(){return e.default}:function(){return e};return i.d(r,"a",r),r},i.o=function(e,r){return Object.prototype.hasOwnProperty.call(e,r)},i.p="/ui/";var l=this.webpackJsonpgrid_ui=this.webpackJsonpgrid_ui||[],f=l.push.bind(l);l.push=r,l=l.slice();for(var a=0;a<l.length;a++)r(l[a]);var p=f;t()}([])</script><script src="/ui/static/js/2.f1ad6d8b.chunk.js"></script><script src="/ui/static/js/main.485aaafa.chunk.js"></script></body></html>
	at org.openqa.selenium.remote.ProtocolHandshake.createSession(ProtocolHandshake.java:115)
	at org.openqa.selenium.remote.ProtocolHandshake.createSession(ProtocolHandshake.java:74)
	at org.openqa.selenium.remote.HttpCommandExecutor.execute(HttpCommandExecutor.java:136)
	at org.openqa.selenium.remote.RemoteWebDriver.execute(RemoteWebDriver.java:552)
	at org.openqa.selenium.remote.RemoteWebDriver.startSession(RemoteWebDriver.java:213)
	at org.openqa.selenium.remote.RemoteWebDriver.<init>(RemoteWebDriver.java:131)
	at org.openqa.selenium.remote.RemoteWebDriver.<init>(RemoteWebDriver.java:144)
	at docker.EdgeTest.test3(EdgeTest.java:15)
	at sun.reflect.NativeMethodAccessorImpl.invoke0(Native Method)
	at sun.reflect.NativeMethodAccessorImpl.invoke(NativeMethodAccessorImpl.java:62)
	at sun.reflect.DelegatingMethodAccessorImpl.invoke(DelegatingMethodAccessorImpl.java:43)
	at java.lang.reflect.Method.invoke(Method.java:498)
	at org.testng.internal.MethodInvocationHelper.invokeMethod(MethodInvocationHelper.java:86)
	at org.testng.internal.Invoker.invokeMethod(Invoker.java:643)
	at org.testng.internal.Invoker.invokeTestMethod(Invoker.java:820)
	at org.testng.internal.Invoker.invokeTestMethods(Invoker.java:1128)
	at org.testng.internal.TestMethodWorker.invokeTestMethods(TestMethodWorker.java:129)
	at org.testng.internal.TestMethodWorker.run(TestMethodWorker.java:112)
	at org.testng.TestRunner.privateRun(TestRunner.java:782)
	at org.testng.TestRunner.run(TestRunner.java:632)
	at org.testng.SuiteRunner.runTest(SuiteRunner.java:366)
	at org.testng.SuiteRunner.runSequentially(SuiteRunner.java:361)
	at org.testng.SuiteRunner.privateRun(SuiteRunner.java:319)
	at org.testng.SuiteRunner.run(SuiteRunner.java:268)
	at org.testng.SuiteRunnerWorker.runSuite(SuiteRunnerWorker.java:52)
	at org.testng.SuiteRunnerWorker.run(SuiteRunnerWorker.java:86)
	at org.testng.TestNG.runSuitesSequentially(TestNG.java:1244)
	at org.testng.TestNG.runSuitesLocally(TestNG.java:1169)
	at org.testng.TestNG.run(TestNG.java:1064)
	at org.testng.remote.AbstractRemoteTestNG.run(AbstractRemoteTestNG.java:126)
	at org.testng.remote.RemoteTestNG.initAndRun(RemoteTestNG.java:137)
	at org.testng.remote.RemoteTestNG.main(RemoteTestNG.java:58)
Caused by: org.openqa.selenium.json.JsonException: Unable to determine type from: <. Last 1 characters read: <
Build info: version: '3.141.59', revision: 'e82be7d358', time: '2018-11-14T08:17:03'
System info: host: 'SRINIVAS', ip: '172.20.80.1', os.name: 'Windows 10', os.arch: 'amd64', os.version: '10.0', java.version: '1.8.0_121'
Driver info: driver.version: RemoteWebDriver
	at org.openqa.selenium.json.JsonInput.peek(JsonInput.java:122)
	at org.openqa.selenium.json.JsonTypeCoercer.lambda$null$6(JsonTypeCoercer.java:140)
	at org.openqa.selenium.json.JsonTypeCoercer.coerce(JsonTypeCoercer.java:126)
	at org.openqa.selenium.json.Json.toType(Json.java:69)
	at org.openqa.selenium.json.Json.toType(Json.java:55)
	at org.openqa.selenium.json.Json.toType(Json.java:50)
	at org.openqa.selenium.remote.ProtocolHandshake.createSession(ProtocolHandshake.java:112)
	... 31 more
]]>
    </error>
  </testcase> <!-- test3 -->
</testsuite> <!-- docker.EdgeTest -->
