<?xml version="1.0" encoding="UTF-8"?>
<!-- Generated by org.testng.reporters.JUnitReportReporter -->
<testsuite hostname="Srinivas" name="docker.FirefoxTest" tests="1" failures="0" timestamp="25 Oct 2021 04:18:05 GMT" time="10.033" errors="0">
  <testcase name="test2" time="10.033" classname="docker.FirefoxTest"/>
</testsuite> <!-- docker.FirefoxTest -->
