<?xml version="1.0" encoding="UTF-8"?>
<!-- Generated by org.testng.reporters.JUnitReportReporter -->
<testsuite hostname="Srinivas" name="docker.ChromeTest" tests="1" failures="0" timestamp="25 Oct 2021 04:18:05 GMT" time="7.147" errors="0">
  <testcase name="test1" time="7.147" classname="docker.ChromeTest"/>
</testsuite> <!-- docker.ChromeTest -->
